<?xml version="1.0" encoding="UTF-8"?>
<coverage generated="1459026190426" clover="3.2.0">
	<project timestamp="1459026190426"  name="All Files" >
		<metrics statements="6"  coveredstatements="6"  conditionals="31"  coveredconditionals="18"  methods="10"  coveredmethods="10"  elements="47"  coveredelements="34"  complexity="0"  packages="1"  files="1"  classes="1"  loc="11"  ncloc="11" />
		<package name="components" >
			<metrics statements="6"  coveredstatements="6"  conditionals="31"  coveredconditionals="18"  methods="10"  coveredmethods="10" />
			<file name="HelloWorld.jsx"  path="/Users/mikee/Documents/Projects/dev/react/players-2016/src/js/components/HelloWorld.jsx" >
				<metrics statements="6"  coveredstatements="6"  conditionals="31"  coveredconditionals="18"  methods="10"  coveredmethods="10" />
				<line num="1"  count="1"  type="cond"  truecount="18"  falsecount="13" />
				<line num="3"  count="1"  type="stmt" />
				<line num="5"  count="1"  type="stmt" />
				<line num="6"  count="1"  type="stmt" />
				<line num="9"  count="1"  type="stmt" />
				<line num="11"  count="1"  type="stmt" />
			</file>
		</package>
	</project>
</coverage>
