{
"/Users/mikee/Documents/Projects/dev/react/players-2016/src/js/components/HelloWorld.jsx":{"path":"/Users/mikee/Documents/Projects/dev/react/players-2016/src/js/components/HelloWorld.jsx","s":{"1":1,"2":1,"3":1,"4":1,"5":1,"6":1,"7":1,"8":1,"9":1,"10":1,"11":1,"12":1,"13":1,"14":1,"15":0,"16":1,"17":1,"18":1,"19":1,"20":1,"21":1,"22":1,"23":0,"24":1,"25":1,"26":0,"27":1,"28":1,"29":1,"30":0,"31":1,"32":1,"33":1,"34":1,"35":1,"36":1,"37":1,"38":1,"39":1,"40":1,"41":1,"42":1},"b":{"1":[1,1],"2":[1,0],"3":[1,0],"4":[0,1],"5":[0,1],"6":[1,1],"7":[0,1],"8":[0,1],"9":[0,1],"10":[1,0,0],"11":[0,1],"12":[1,0],"13":[1,1],"14":[1,0],"15":[1,0]},"f":{"1":1,"2":1,"3":1,"4":1,"5":1,"6":1,"7":1,"8":1,"9":1,"10":1},"fnMap":{"1":{"name":"(anonymous_1)","line":1,"loc":{"start":{"line":1,"column":118},"end":{"line":1,"column":130}}},"2":{"name":"defineProperties","line":1,"loc":{"start":{"line":1,"column":131},"end":{"line":1,"column":172}}},"3":{"name":"(anonymous_3)","line":1,"loc":{"start":{"line":1,"column":446},"end":{"line":1,"column":494}}},"4":{"name":"_interopRequireDefault","line":1,"loc":{"start":{"line":1,"column":772},"end":{"line":1,"column":809}}},"5":{"name":"_classCallCheck","line":1,"loc":{"start":{"line":1,"column":865},"end":{"line":1,"column":913}}},"6":{"name":"_possibleConstructorReturn","line":1,"loc":{"start":{"line":1,"column":1014},"end":{"line":1,"column":1062}}},"7":{"name":"_inherits","line":1,"loc":{"start":{"line":1,"column":1249},"end":{"line":1,"column":1290}}},"8":{"name":"(anonymous_8)","line":3,"loc":{"start":{"line":3,"column":13},"end":{"line":3,"column":35}}},"9":{"name":"HelloWorld","line":5,"loc":{"start":{"line":5,"column":1},"end":{"line":5,"column":28}}},"10":{"name":"render","line":6,"loc":{"start":{"line":6,"column":61},"end":{"line":8,"column":2}}}},"statementMap":{"1":{"start":{"line":1,"column":37},"end":{"line":1,"column":99},"skip":true},"2":{"start":{"line":1,"column":99},"end":{"line":1,"column":648}},"3":{"start":{"line":1,"column":131},"end":{"line":1,"column":439}},"4":{"start":{"line":1,"column":173},"end":{"line":1,"column":438}},"5":{"start":{"line":1,"column":213},"end":{"line":1,"column":239}},"6":{"start":{"line":1,"column":239},"end":{"line":1,"column":294}},"7":{"start":{"line":1,"column":294},"end":{"line":1,"column":325}},"8":{"start":{"line":1,"column":325},"end":{"line":1,"column":379}},"9":{"start":{"line":1,"column":352},"end":{"line":1,"column":379}},"10":{"start":{"line":1,"column":379},"end":{"line":1,"column":437}},"11":{"start":{"line":1,"column":439},"end":{"line":1,"column":644}},"12":{"start":{"line":1,"column":495},"end":{"line":1,"column":563}},"13":{"start":{"line":1,"column":511},"end":{"line":1,"column":563}},"14":{"start":{"line":1,"column":563},"end":{"line":1,"column":623}},"15":{"start":{"line":1,"column":580},"end":{"line":1,"column":623}},"16":{"start":{"line":1,"column":623},"end":{"line":1,"column":642}},"17":{"start":{"line":1,"column":648},"end":{"line":1,"column":702}},"18":{"start":{"line":1,"column":727},"end":{"line":1,"column":772}},"19":{"start":{"line":1,"column":772},"end":{"line":1,"column":865}},"20":{"start":{"line":1,"column":810},"end":{"line":1,"column":864}},"21":{"start":{"line":1,"column":865},"end":{"line":1,"column":1014}},"22":{"start":{"line":1,"column":914},"end":{"line":1,"column":1013}},"23":{"start":{"line":1,"column":955},"end":{"line":1,"column":1012}},"24":{"start":{"line":1,"column":1014},"end":{"line":1,"column":1249}},"25":{"start":{"line":1,"column":1063},"end":{"line":1,"column":1162}},"26":{"start":{"line":1,"column":1075},"end":{"line":1,"column":1161}},"27":{"start":{"line":1,"column":1162},"end":{"line":1,"column":1248}},"28":{"start":{"line":1,"column":1249},"end":{"line":1,"column":1737}},"29":{"start":{"line":1,"column":1291},"end":{"line":1,"column":1454}},"30":{"start":{"line":1,"column":1353},"end":{"line":1,"column":1453}},"31":{"start":{"line":1,"column":1454},"end":{"line":1,"column":1618}},"32":{"start":{"line":1,"column":1618},"end":{"line":1,"column":1736}},"33":{"start":{"line":1,"column":1634},"end":{"line":1,"column":1736}},"34":{"start":{"line":1,"column":1737},"end":{"line":11,"column":268}},"35":{"start":{"line":3,"column":36},"end":{"line":3,"column":70}},"36":{"start":{"line":5,"column":1},"end":{"line":6,"column":11}},"37":{"start":{"line":5,"column":53},"end":{"line":5,"column":87}},"38":{"start":{"line":5,"column":112},"end":{"line":6,"column":10}},"39":{"start":{"line":6,"column":11},"end":{"line":11,"column":230}},"40":{"start":{"line":9,"column":3},"end":{"line":11,"column":224}},"41":{"start":{"line":11,"column":230},"end":{"line":11,"column":248},"skip":true},"42":{"start":{"line":11,"column":293},"end":{"line":17,"column":11}}},"branchMap":{"1":{"line":1,"type":"binary-expr","locations":[{"start":{"line":1,"column":263},"end":{"line":1,"column":284}},{"start":{"line":1,"column":288},"end":{"line":1,"column":293}}]},"2":{"line":1,"type":"if","locations":[{"start":{"line":1,"column":325},"end":{"line":1,"column":325}},{"start":{"line":1,"column":325},"end":{"line":1,"column":325}}]},"3":{"line":1,"type":"if","locations":[{"start":{"line":1,"column":495},"end":{"line":1,"column":495}},{"start":{"line":1,"column":495},"end":{"line":1,"column":495}}]},"4":{"line":1,"type":"if","locations":[{"start":{"line":1,"column":563},"end":{"line":1,"column":563}},{"start":{"line":1,"column":563},"end":{"line":1,"column":563}}]},"5":{"line":1,"type":"cond-expr","locations":[{"start":{"line":1,"column":841},"end":{"line":1,"column":844}},{"start":{"line":1,"column":847},"end":{"line":1,"column":863}}]},"6":{"line":1,"type":"binary-expr","locations":[{"start":{"line":1,"column":817},"end":{"line":1,"column":820}},{"start":{"line":1,"column":824},"end":{"line":1,"column":838}}]},"7":{"line":1,"type":"if","locations":[{"start":{"line":1,"column":914},"end":{"line":1,"column":914}},{"start":{"line":1,"column":914},"end":{"line":1,"column":914}}]},"8":{"line":1,"type":"if","locations":[{"start":{"line":1,"column":1063},"end":{"line":1,"column":1063}},{"start":{"line":1,"column":1063},"end":{"line":1,"column":1063}}]},"9":{"line":1,"type":"cond-expr","locations":[{"start":{"line":1,"column":1236},"end":{"line":1,"column":1240}},{"start":{"line":1,"column":1243},"end":{"line":1,"column":1247}}]},"10":{"line":1,"type":"binary-expr","locations":[{"start":{"line":1,"column":1169},"end":{"line":1,"column":1173}},{"start":{"line":1,"column":1178},"end":{"line":1,"column":1202}},{"start":{"line":1,"column":1206},"end":{"line":1,"column":1232}}]},"11":{"line":1,"type":"if","locations":[{"start":{"line":1,"column":1291},"end":{"line":1,"column":1291}},{"start":{"line":1,"column":1291},"end":{"line":1,"column":1291}}]},"12":{"line":1,"type":"binary-expr","locations":[{"start":{"line":1,"column":1295},"end":{"line":1,"column":1327}},{"start":{"line":1,"column":1331},"end":{"line":1,"column":1350}}]},"13":{"line":1,"type":"binary-expr","locations":[{"start":{"line":1,"column":1489},"end":{"line":1,"column":1499}},{"start":{"line":1,"column":1503},"end":{"line":1,"column":1523}}]},"14":{"line":1,"type":"if","locations":[{"start":{"line":1,"column":1618},"end":{"line":1,"column":1618}},{"start":{"line":1,"column":1618},"end":{"line":1,"column":1618}}]},"15":{"line":1,"type":"cond-expr","locations":[{"start":{"line":1,"column":1658},"end":{"line":1,"column":1701}},{"start":{"line":1,"column":1704},"end":{"line":1,"column":1735}}]}},"l":{"1":1,"3":1,"5":1,"6":1,"9":1,"11":1}}}
